d:\workspace\nf work\chargingv3\project\chargingv3\x64\debug\vc120.pdb
d:\workspace\nf work\chargingv3\project\chargingv3\x64\debug\serialport.obj
d:\workspace\nf work\chargingv3\project\chargingv3\x64\debug\readinifile.obj
d:\workspace\nf work\chargingv3\project\chargingv3\x64\debug\qextserialbase.obj
d:\workspace\nf work\chargingv3\project\chargingv3\x64\debug\operatorfile.obj
d:\workspace\nf work\chargingv3\project\chargingv3\x64\debug\operatoredbfile.obj
d:\workspace\nf work\chargingv3\project\chargingv3\x64\debug\messageboxcus.obj
d:\workspace\nf work\chargingv3\project\chargingv3\x64\debug\main.obj
d:\workspace\nf work\chargingv3\project\chargingv3\x64\debug\logindialog.obj
d:\workspace\nf work\chargingv3\project\chargingv3\x64\debug\init.obj
d:\workspace\nf work\chargingv3\project\chargingv3\x64\debug\moc_win_qextserialport.obj
d:\workspace\nf work\chargingv3\project\chargingv3\x64\debug\moc_ui_charg_grid.obj
d:\workspace\nf work\chargingv3\project\chargingv3\x64\debug\moc_qextserialbase.obj
d:\workspace\nf work\chargingv3\project\chargingv3\x64\debug\moc_messageboxcus.obj
d:\workspace\nf work\chargingv3\project\chargingv3\x64\debug\moc_logindialog.obj
d:\workspace\nf work\chargingv3\project\chargingv3\x64\debug\moc_doubleclickedbutton.obj
d:\workspace\nf work\chargingv3\project\chargingv3\x64\debug\moc_commandqueue.obj
d:\workspace\nf work\chargingv3\project\chargingv3\x64\debug\moc_charging.obj
d:\workspace\nf work\chargingv3\project\chargingv3\x64\debug\doubleclickedbutton.obj
d:\workspace\nf work\chargingv3\project\chargingv3\x64\debug\commandqueue.obj
d:\workspace\nf work\chargingv3\project\chargingv3\x64\debug\charging.obj
d:\workspace\nf work\chargingv3\project\chargingv3\x64\debug\win_qextserialport.obj
d:\workspace\nf work\chargingv3\project\chargingv3\x64\debug\useful.obj
d:\workspace\nf work\chargingv3\project\chargingv3\x64\debug\ui_show.obj
d:\workspace\nf work\chargingv3\project\chargingv3\x64\debug\timer.obj
d:\workspace\nf work\chargingv3\project\chargingv3\x64\debug\thread.obj
d:\workspace\nf work\chargingv3\project\chargingv3\x64\debug\serial_op.obj
d:\workspace\nf work\chargingv3\project\chargingv3\x64\debug\qrc_charging.obj
d:\workspace\nf work\chargingv3\project\chargingv3\x64\debug\ui_charg_grid.obj
d:\workspace\nf work\chargingv3\project\chargingv3\generatedfiles\ui_charging.h
d:\workspace\nf work\chargingv3\project\chargingv3\generatedfiles\debug\moc_ui_charg_grid.cpp
d:\workspace\nf work\chargingv3\project\chargingv3\generatedfiles\debug\moc_commandqueue.cpp
d:\workspace\nf work\chargingv3\project\chargingv3\generatedfiles\debug\moc_win_qextserialport.cpp
d:\workspace\nf work\chargingv3\project\chargingv3\generatedfiles\debug\moc_qextserialbase.cpp
d:\workspace\nf work\chargingv3\project\chargingv3\generatedfiles\qrc_charging.cpp
d:\workspace\nf work\chargingv3\project\chargingv3\generatedfiles\debug\moc_doubleclickedbutton.cpp
d:\workspace\nf work\chargingv3\project\chargingv3\generatedfiles\ui_logindialog.h
d:\workspace\nf work\chargingv3\project\chargingv3\generatedfiles\debug\moc_logindialog.cpp
d:\workspace\nf work\chargingv3\project\chargingv3\generatedfiles\debug\moc_charging.cpp
d:\workspace\nf work\chargingv3\project\chargingv3\x64\debug\charging.res
d:\workspace\nf work\chargingv3\project\x64\debug\chargingv3.pdb
d:\workspace\nf work\chargingv3\project\chargingv3\x64\debug\chargingv3.tlog\cl.command.1.tlog
d:\workspace\nf work\chargingv3\project\chargingv3\x64\debug\chargingv3.tlog\cl.read.1.tlog
d:\workspace\nf work\chargingv3\project\chargingv3\x64\debug\chargingv3.tlog\cl.write.1.tlog
d:\workspace\nf work\chargingv3\project\chargingv3\x64\debug\chargingv3.tlog\custombuild.command.1.tlog
d:\workspace\nf work\chargingv3\project\chargingv3\x64\debug\chargingv3.tlog\custombuild.read.1.tlog
d:\workspace\nf work\chargingv3\project\chargingv3\x64\debug\chargingv3.tlog\custombuild.write.1.tlog
d:\workspace\nf work\chargingv3\project\chargingv3\x64\debug\chargingv3.tlog\link.command.1.tlog
d:\workspace\nf work\chargingv3\project\chargingv3\x64\debug\chargingv3.tlog\link.read.1.tlog
d:\workspace\nf work\chargingv3\project\chargingv3\x64\debug\chargingv3.tlog\link.write.1.tlog
d:\workspace\nf work\chargingv3\project\chargingv3\x64\debug\chargingv3.tlog\rc.command.1.tlog
d:\workspace\nf work\chargingv3\project\chargingv3\x64\debug\chargingv3.tlog\rc.read.1.tlog
d:\workspace\nf work\chargingv3\project\chargingv3\x64\debug\chargingv3.tlog\rc.write.1.tlog
