e:\0chenlin\myproject\workspace\chargingv2\project\chargingoption\x64\debug\vc120.pdb
e:\0chenlin\myproject\workspace\chargingv2\project\chargingoption\x64\debug\myqtabwidget.obj
e:\0chenlin\myproject\workspace\chargingv2\project\chargingoption\x64\debug\myqcombobox.obj
e:\0chenlin\myproject\workspace\chargingv2\project\chargingoption\x64\debug\main.obj
e:\0chenlin\myproject\workspace\chargingv2\project\chargingoption\x64\debug\moc_myqtabwidget.obj
e:\0chenlin\myproject\workspace\chargingv2\project\chargingoption\x64\debug\moc_myqcombobox.obj
e:\0chenlin\myproject\workspace\chargingv2\project\chargingoption\x64\debug\moc_chargingoption.obj
e:\0chenlin\myproject\workspace\chargingv2\project\chargingoption\x64\debug\chargingoption.obj
e:\0chenlin\myproject\workspace\chargingv2\project\chargingoption\x64\debug\batterypage.obj
e:\0chenlin\myproject\workspace\chargingv2\project\chargingoption\x64\debug\batterymodelpage.obj
e:\0chenlin\myproject\workspace\chargingv2\project\chargingoption\x64\debug\readinifile.obj
e:\0chenlin\myproject\workspace\chargingv2\project\chargingoption\x64\debug\operatorfile.obj
e:\0chenlin\myproject\workspace\chargingv2\project\chargingoption\x64\debug\operatoredbfile.obj
e:\0chenlin\myproject\workspace\chargingv2\project\chargingoption\x64\debug\qrc_chargingoption.obj
d:\workspace\nf work\chargingv3\project\chargingoption\x64\debug\vc120.pdb
d:\workspace\nf work\chargingv3\project\chargingoption\x64\debug\myqtabwidget.obj
d:\workspace\nf work\chargingv3\project\chargingoption\x64\debug\myqcombobox.obj
d:\workspace\nf work\chargingv3\project\chargingoption\x64\debug\moc_myqtabwidget.obj
d:\workspace\nf work\chargingv3\project\chargingoption\x64\debug\moc_myqcombobox.obj
d:\workspace\nf work\chargingv3\project\chargingoption\x64\debug\batterypage.obj
d:\workspace\nf work\chargingv3\project\chargingoption\x64\debug\batterymodelpage.obj
d:\workspace\nf work\chargingv3\project\chargingoption\x64\debug\main.obj
d:\workspace\nf work\chargingv3\project\chargingoption\x64\debug\moc_chargingoption.obj
d:\workspace\nf work\chargingv3\project\chargingoption\x64\debug\chargingoption.obj
e:\0chenlin\myproject\workspace\chargingv2\project\chargingoption\generatedfiles\debug\moc_myqcombobox.cpp
e:\0chenlin\myproject\workspace\chargingv2\project\chargingoption\generatedfiles\debug\moc_myqtabwidget.cpp
e:\0chenlin\myproject\workspace\chargingv2\project\chargingoption\generatedfiles\qrc_chargingoption.cpp
e:\0chenlin\myproject\workspace\chargingv2\project\chargingoption\generatedfiles\ui_chargingoption.h
e:\0chenlin\myproject\workspace\chargingv2\project\chargingoption\generatedfiles\debug\moc_chargingoption.cpp
d:\workspace\nf work\chargingv3\project\chargingoption\generatedfiles\debug\moc_chargingoption.cpp
d:\workspace\nf work\chargingv3\project\chargingoption\generatedfiles\ui_chargingoption.h
d:\workspace\nf work\chargingv3\project\chargingoption\generatedfiles\debug\moc_myqcombobox.cpp
d:\workspace\nf work\chargingv3\project\chargingoption\generatedfiles\debug\moc_myqtabwidget.cpp
d:\workspace\nf work\chargingv3\project\chargingoption\generatedfiles\qrc_chargingoption.cpp
e:\0chenlin\myproject\workspace\chargingv2\project\x64\debug\chargingoption.ilk
e:\0chenlin\myproject\workspace\chargingv2\project\x64\debug\chargingoption.exe
e:\0chenlin\myproject\workspace\chargingv2\project\x64\debug\chargingoption.pdb
e:\0chenlin\myproject\workspace\chargingv2\project\chargingoption\x64\debug\chargingoption.res
d:\workspace\nf work\chargingv3\project\chargingoption\x64\debug\chargingoption.res
d:\workspace\nf work\chargingv3\project\x64\debug\chargingoption.exe
d:\workspace\nf work\chargingv3\project\chargingoption\x64\debug\chargingoption.tlog\cl.command.1.tlog
d:\workspace\nf work\chargingv3\project\chargingoption\x64\debug\chargingoption.tlog\cl.read.1.tlog
d:\workspace\nf work\chargingv3\project\chargingoption\x64\debug\chargingoption.tlog\cl.write.1.tlog
d:\workspace\nf work\chargingv3\project\chargingoption\x64\debug\chargingoption.tlog\custombuild.command.1.tlog
d:\workspace\nf work\chargingv3\project\chargingoption\x64\debug\chargingoption.tlog\custombuild.read.1.tlog
d:\workspace\nf work\chargingv3\project\chargingoption\x64\debug\chargingoption.tlog\custombuild.write.1.tlog
d:\workspace\nf work\chargingv3\project\chargingoption\x64\debug\chargingoption.tlog\link.command.1.tlog
d:\workspace\nf work\chargingv3\project\chargingoption\x64\debug\chargingoption.tlog\link.read.1.tlog
d:\workspace\nf work\chargingv3\project\chargingoption\x64\debug\chargingoption.tlog\link.write.1.tlog
d:\workspace\nf work\chargingv3\project\chargingoption\x64\debug\chargingoption.tlog\rc.command.1.tlog
d:\workspace\nf work\chargingv3\project\chargingoption\x64\debug\chargingoption.tlog\rc.read.1.tlog
d:\workspace\nf work\chargingv3\project\chargingoption\x64\debug\chargingoption.tlog\rc.write.1.tlog
